This file contains any messages produced by compilers while
running configure, to aid debugging if configure makes a mistake.

It was created by configure, which was
generated by GNU Autoconf 2.61.  Invocation command line was

  $ ./configure --enable-maintainer-mode --no-create --no-recursion

## --------- ##
## Platform. ##
## --------- ##

hostname = mc-laptop
uname -m = i686
uname -r = 2.6.24-24-generic
uname -s = Linux
uname -v = #1 SMP Wed Apr 15 15:54:25 UTC 2009

/usr/bin/uname -p = unknown
/bin/uname -X     = unknown

/bin/arch              = unknown
/usr/bin/arch -k       = unknown
/usr/convex/getsysinfo = unknown
/usr/bin/hostinfo      = unknown
/bin/machine           = unknown
/usr/bin/oslevel       = unknown
/bin/universe          = unknown

PATH: .
PATH: /usr/local/jdk1.6.0_10/bin
PATH: /usr/local/sbin
PATH: /usr/local/bin
PATH: /usr/sbin
PATH: /usr/bin
PATH: /sbin
PATH: /bin
PATH: /usr/games


## ----------- ##
## Core tests. ##
## ----------- ##

configure:1791: checking for a BSD-compatible install
configure:1847: result: /usr/bin/install -c
configure:1858: checking whether build environment is sane
configure:1901: result: yes
configure:1966: checking for gawk
configure:1996: result: no
configure:1966: checking for mawk
configure:1982: found /usr/bin/mawk
configure:1993: result: mawk
configure:2004: checking whether make sets $(MAKE)
configure:2025: result: yes
configure:2211: checking whether to enable maintainer-specific portions of Makefiles
configure:2220: result: yes
configure:2249: checking for style of include used by make
configure:2277: result: GNU
configure:2350: checking for gcc
configure:2366: found /usr/bin/gcc
configure:2377: result: gcc
configure:2615: checking for C compiler version
configure:2622: gcc --version >&5
gcc (GCC) 4.2.4 (Ubuntu 4.2.4-1ubuntu4)
Copyright (C) 2007 Free Software Foundation, Inc.
This is free software; see the source for copying conditions.  There is NO
warranty; not even for MERCHANTABILITY or FITNESS FOR A PARTICULAR PURPOSE.

configure:2625: $? = 0
configure:2632: gcc -v >&5
Using built-in specs.
Target: i486-linux-gnu
Configured with: ../src/configure -v --enable-languages=c,c++,fortran,objc,obj-c++,treelang --prefix=/usr --enable-shared --with-system-zlib --libexecdir=/usr/lib --without-included-gettext --enable-threads=posix --enable-nls --with-gxx-include-dir=/usr/include/c++/4.2 --program-suffix=-4.2 --enable-clocale=gnu --enable-libstdcxx-debug --enable-objc-gc --enable-mpfr --enable-targets=all --enable-checking=release --build=i486-linux-gnu --host=i486-linux-gnu --target=i486-linux-gnu
Thread model: posix
gcc version 4.2.4 (Ubuntu 4.2.4-1ubuntu4)
configure:2635: $? = 0
configure:2642: gcc -V >&5
gcc: '-V' option must have argument
configure:2645: $? = 1
configure:2668: checking for C compiler default output file name
configure:2695: gcc    conftest.c  >&5
configure:2698: $? = 0
configure:2736: result: a.out
configure:2753: checking whether the C compiler works
configure:2763: ./a.out
configure:2766: $? = 0
configure:2783: result: yes
configure:2790: checking whether we are cross compiling
configure:2792: result: no
configure:2795: checking for suffix of executables
configure:2802: gcc -o conftest    conftest.c  >&5
configure:2805: $? = 0
configure:2829: result: 
configure:2835: checking for suffix of object files
configure:2861: gcc -c   conftest.c >&5
configure:2864: $? = 0
configure:2887: result: o
configure:2891: checking whether we are using the GNU C compiler
configure:2920: gcc -c   conftest.c >&5
configure:2926: $? = 0
configure:2943: result: yes
configure:2948: checking whether gcc accepts -g
configure:2978: gcc -c -g  conftest.c >&5
configure:2984: $? = 0
configure:3083: result: yes
configure:3100: checking for gcc option to accept ISO C89
configure:3174: gcc  -c -g -O2  conftest.c >&5
configure:3180: $? = 0
configure:3203: result: none needed
configure:3223: checking dependency style of gcc
configure:3313: result: gcc3
configure:3332: checking for g_thread_init in -lgthread-2.0
configure:3367: gcc -o conftest -g -O2   conftest.c -lgthread-2.0   >&5
configure:3373: $? = 0
configure:3391: result: yes
configure:3403: checking for library containing strerror
configure:3444: gcc -o conftest -g -O2   conftest.c -lgthread-2.0  >&5
configure:3450: $? = 0
configure:3478: result: none required
configure:3534: checking for gcc
configure:3561: result: gcc
configure:3799: checking for C compiler version
configure:3806: gcc --version >&5
gcc (GCC) 4.2.4 (Ubuntu 4.2.4-1ubuntu4)
Copyright (C) 2007 Free Software Foundation, Inc.
This is free software; see the source for copying conditions.  There is NO
warranty; not even for MERCHANTABILITY or FITNESS FOR A PARTICULAR PURPOSE.

configure:3809: $? = 0
configure:3816: gcc -v >&5
Using built-in specs.
Target: i486-linux-gnu
Configured with: ../src/configure -v --enable-languages=c,c++,fortran,objc,obj-c++,treelang --prefix=/usr --enable-shared --with-system-zlib --libexecdir=/usr/lib --without-included-gettext --enable-threads=posix --enable-nls --with-gxx-include-dir=/usr/include/c++/4.2 --program-suffix=-4.2 --enable-clocale=gnu --enable-libstdcxx-debug --enable-objc-gc --enable-mpfr --enable-targets=all --enable-checking=release --build=i486-linux-gnu --host=i486-linux-gnu --target=i486-linux-gnu
Thread model: posix
gcc version 4.2.4 (Ubuntu 4.2.4-1ubuntu4)
configure:3819: $? = 0
configure:3826: gcc -V >&5
gcc: '-V' option must have argument
configure:3829: $? = 1
configure:3832: checking whether we are using the GNU C compiler
configure:3884: result: yes
configure:3889: checking whether gcc accepts -g
configure:4024: result: yes
configure:4041: checking for gcc option to accept ISO C89
configure:4144: result: none needed
configure:4164: checking dependency style of gcc
configure:4254: result: gcc3
configure:4319: checking for gcc
configure:4346: result: gcc
configure:4584: checking for C compiler version
configure:4591: gcc --version >&5
gcc (GCC) 4.2.4 (Ubuntu 4.2.4-1ubuntu4)
Copyright (C) 2007 Free Software Foundation, Inc.
This is free software; see the source for copying conditions.  There is NO
warranty; not even for MERCHANTABILITY or FITNESS FOR A PARTICULAR PURPOSE.

configure:4594: $? = 0
configure:4601: gcc -v >&5
Using built-in specs.
Target: i486-linux-gnu
Configured with: ../src/configure -v --enable-languages=c,c++,fortran,objc,obj-c++,treelang --prefix=/usr --enable-shared --with-system-zlib --libexecdir=/usr/lib --without-included-gettext --enable-threads=posix --enable-nls --with-gxx-include-dir=/usr/include/c++/4.2 --program-suffix=-4.2 --enable-clocale=gnu --enable-libstdcxx-debug --enable-objc-gc --enable-mpfr --enable-targets=all --enable-checking=release --build=i486-linux-gnu --host=i486-linux-gnu --target=i486-linux-gnu
Thread model: posix
gcc version 4.2.4 (Ubuntu 4.2.4-1ubuntu4)
configure:4604: $? = 0
configure:4611: gcc -V >&5
gcc: '-V' option must have argument
configure:4614: $? = 1
configure:4617: checking whether we are using the GNU C compiler
configure:4669: result: yes
configure:4674: checking whether gcc accepts -g
configure:4809: result: yes
configure:4826: checking for gcc option to accept ISO C89
configure:4929: result: none needed
configure:4949: checking dependency style of gcc
configure:5039: result: gcc3
configure:5064: checking how to run the C preprocessor
configure:5104: gcc -E  conftest.c
configure:5110: $? = 0
configure:5141: gcc -E  conftest.c
conftest.c:11:28: error: ac_nonexistent.h: No such file or directory
configure:5147: $? = 1
configure: failed program was:
| /* confdefs.h.  */
| #define PACKAGE_NAME ""
| #define PACKAGE_TARNAME ""
| #define PACKAGE_VERSION ""
| #define PACKAGE_STRING ""
| #define PACKAGE_BUGREPORT ""
| #define PACKAGE "sniffer"
| #define VERSION "0.1"
| #define HAVE_LIBGTHREAD_2_0 1
| /* end confdefs.h.  */
| #include <ac_nonexistent.h>
configure:5180: result: gcc -E
configure:5209: gcc -E  conftest.c
configure:5215: $? = 0
configure:5246: gcc -E  conftest.c
conftest.c:11:28: error: ac_nonexistent.h: No such file or directory
configure:5252: $? = 1
configure: failed program was:
| /* confdefs.h.  */
| #define PACKAGE_NAME ""
| #define PACKAGE_TARNAME ""
| #define PACKAGE_VERSION ""
| #define PACKAGE_STRING ""
| #define PACKAGE_BUGREPORT ""
| #define PACKAGE "sniffer"
| #define VERSION "0.1"
| #define HAVE_LIBGTHREAD_2_0 1
| /* end confdefs.h.  */
| #include <ac_nonexistent.h>
configure:5290: checking for grep that handles long lines and -e
configure:5364: result: /bin/grep
configure:5369: checking for egrep
configure:5447: result: /bin/grep -E
configure:5452: checking for ANSI C header files
configure:5482: gcc -c -g -O2  conftest.c >&5
configure:5488: $? = 0
configure:5587: gcc -o conftest -g -O2   conftest.c -lgthread-2.0  >&5
configure:5590: $? = 0
configure:5596: ./conftest
configure:5599: $? = 0
configure:5616: result: yes
configure:5677: checking for pkg-config
configure:5695: found /usr/bin/pkg-config
configure:5707: result: /usr/bin/pkg-config
configure:5736: checking pkg-config is at least version 0.9.0
configure:5739: result: yes
configure:5750: checking for PACKAGE
configure:5758: $PKG_CONFIG --exists --print-errors "$pkg_modules"
configure:5761: $? = 0
configure:5776: $PKG_CONFIG --exists --print-errors "$pkg_modules"
configure:5779: $? = 0
configure:5855: result: yes
configure:5885: checking for sys/types.h
configure:5906: gcc -c -g -O2  conftest.c >&5
configure:5912: $? = 0
configure:5928: result: yes
configure:5885: checking for sys/stat.h
configure:5906: gcc -c -g -O2  conftest.c >&5
configure:5912: $? = 0
configure:5928: result: yes
configure:5885: checking for stdlib.h
configure:5906: gcc -c -g -O2  conftest.c >&5
configure:5912: $? = 0
configure:5928: result: yes
configure:5885: checking for string.h
configure:5906: gcc -c -g -O2  conftest.c >&5
configure:5912: $? = 0
configure:5928: result: yes
configure:5885: checking for memory.h
configure:5906: gcc -c -g -O2  conftest.c >&5
configure:5912: $? = 0
configure:5928: result: yes
configure:5885: checking for strings.h
configure:5906: gcc -c -g -O2  conftest.c >&5
configure:5912: $? = 0
configure:5928: result: yes
configure:5885: checking for inttypes.h
configure:5906: gcc -c -g -O2  conftest.c >&5
configure:5912: $? = 0
configure:5928: result: yes
configure:5885: checking for stdint.h
configure:5906: gcc -c -g -O2  conftest.c >&5
configure:5912: $? = 0
configure:5928: result: yes
configure:5885: checking for unistd.h
configure:5906: gcc -c -g -O2  conftest.c >&5
configure:5912: $? = 0
configure:5928: result: yes
configure:5956: checking locale.h usability
configure:5973: gcc -c -g -O2  conftest.c >&5
configure:5979: $? = 0
configure:5993: result: yes
configure:5997: checking locale.h presence
configure:6012: gcc -E  conftest.c
configure:6018: $? = 0
configure:6032: result: yes
configure:6060: checking for locale.h
configure:6068: result: yes
configure:6082: checking for LC_MESSAGES
configure:6108: gcc -o conftest -g -O2   conftest.c -lgthread-2.0  >&5
configure:6114: $? = 0
configure:6131: result: yes
configure:6160: checking libintl.h usability
configure:6177: gcc -c -g -O2  conftest.c >&5
configure:6183: $? = 0
configure:6197: result: yes
configure:6201: checking libintl.h presence
configure:6216: gcc -E  conftest.c
configure:6222: $? = 0
configure:6236: result: yes
configure:6264: checking for libintl.h
configure:6271: result: yes
configure:6282: checking for ngettext in libc
configure:6310: gcc -o conftest -g -O2   conftest.c -lgthread-2.0  >&5
configure:6316: $? = 0
configure:6334: result: yes
configure:6338: checking for dgettext in libc
configure:6366: gcc -o conftest -g -O2   conftest.c -lgthread-2.0  >&5
configure:6372: $? = 0
configure:6390: result: yes
configure:6399: checking for bind_textdomain_codeset
configure:6455: gcc -o conftest -g -O2   conftest.c -lgthread-2.0  >&5
configure:6461: $? = 0
configure:6479: result: yes
configure:6966: checking for msgfmt
configure:6993: result: /usr/bin/msgfmt
configure:7006: checking for dcgettext
configure:7062: gcc -o conftest -g -O2   conftest.c -lgthread-2.0   >&5
conftest.c:49: warning: conflicting types for built-in function 'dcgettext'
configure:7068: $? = 0
configure:7086: result: yes
configure:7097: checking if msgfmt accepts -c
configure:7112: $MSGFMT -c -o /dev/null conftest.foo
configure:7115: $? = 0
configure:7117: result: yes
configure:7127: checking for gmsgfmt
configure:7158: result: /usr/bin/msgfmt
configure:7168: checking for xgettext
configure:7195: result: /usr/bin/xgettext
configure:7224: gcc -o conftest -g -O2   conftest.c -lgthread-2.0   >&5
configure:7230: $? = 0
configure:7594: creating ./config.status

## ---------------- ##
## Cache variables. ##
## ---------------- ##

ac_cv_c_compiler_gnu=yes
ac_cv_env_CC_set=
ac_cv_env_CC_value=
ac_cv_env_CFLAGS_set=
ac_cv_env_CFLAGS_value=
ac_cv_env_CPPFLAGS_set=
ac_cv_env_CPPFLAGS_value=
ac_cv_env_CPP_set=
ac_cv_env_CPP_value=
ac_cv_env_LDFLAGS_set=
ac_cv_env_LDFLAGS_value=
ac_cv_env_LIBS_set=
ac_cv_env_LIBS_value=
ac_cv_env_PACKAGE_CFLAGS_set=
ac_cv_env_PACKAGE_CFLAGS_value=
ac_cv_env_PACKAGE_LIBS_set=
ac_cv_env_PACKAGE_LIBS_value=
ac_cv_env_PKG_CONFIG_set=
ac_cv_env_PKG_CONFIG_value=
ac_cv_env_build_alias_set=
ac_cv_env_build_alias_value=
ac_cv_env_host_alias_set=
ac_cv_env_host_alias_value=
ac_cv_env_target_alias_set=
ac_cv_env_target_alias_value=
ac_cv_func_bind_textdomain_codeset=yes
ac_cv_func_dcgettext=yes
ac_cv_header_inttypes_h=yes
ac_cv_header_libintl_h=yes
ac_cv_header_locale_h=yes
ac_cv_header_memory_h=yes
ac_cv_header_stdc=yes
ac_cv_header_stdint_h=yes
ac_cv_header_stdlib_h=yes
ac_cv_header_string_h=yes
ac_cv_header_strings_h=yes
ac_cv_header_sys_stat_h=yes
ac_cv_header_sys_types_h=yes
ac_cv_header_unistd_h=yes
ac_cv_lib_gthread_2_0_g_thread_init=yes
ac_cv_objext=o
ac_cv_path_EGREP='/bin/grep -E'
ac_cv_path_GMSGFMT=/usr/bin/msgfmt
ac_cv_path_GREP=/bin/grep
ac_cv_path_MSGFMT=/usr/bin/msgfmt
ac_cv_path_XGETTEXT=/usr/bin/xgettext
ac_cv_path_ac_pt_PKG_CONFIG=/usr/bin/pkg-config
ac_cv_path_install='/usr/bin/install -c'
ac_cv_prog_AWK=mawk
ac_cv_prog_CPP='gcc -E'
ac_cv_prog_ac_ct_CC=gcc
ac_cv_prog_cc_c89=
ac_cv_prog_cc_g=yes
ac_cv_prog_make_make_set=yes
ac_cv_search_strerror='none required'
am_cv_CC_dependencies_compiler_type=gcc3
am_cv_prog_cc_stdc=
am_cv_val_LC_MESSAGES=yes
gt_cv_func_dgettext_libc=yes
gt_cv_func_dgettext_libintl=no
gt_cv_func_ngettext_libc=yes
gt_cv_have_gettext=yes
pkg_cv_PACKAGE_CFLAGS='-I/usr/include/gtk-2.0 -I/usr/lib/gtk-2.0/include -I/usr/include/atk-1.0 -I/usr/include/cairo -I/usr/include/pango-1.0 -I/usr/include/glib-2.0 -I/usr/lib/glib-2.0/include -I/usr/include/freetype2 -I/usr/include/libpng12 -I/usr/include/pixman-1  '
pkg_cv_PACKAGE_LIBS='-lgtk-x11-2.0 -lgdk-x11-2.0 -latk-1.0 -lgdk_pixbuf-2.0 -lm -lpangocairo-1.0 -lpango-1.0 -lcairo -lgobject-2.0 -lgmodule-2.0 -ldl -lglib-2.0  '

## ----------------- ##
## Output variables. ##
## ----------------- ##

ACLOCAL='${SHELL} /home/mc/Projects/sniffer/missing --run aclocal-1.9'
AMDEPBACKSLASH='\'
AMDEP_FALSE='#'
AMDEP_TRUE=''
AMTAR='${SHELL} /home/mc/Projects/sniffer/missing --run tar'
AUTOCONF='${SHELL} /home/mc/Projects/sniffer/missing --run autoconf'
AUTOHEADER='${SHELL} /home/mc/Projects/sniffer/missing --run autoheader'
AUTOMAKE='${SHELL} /home/mc/Projects/sniffer/missing --run automake-1.9'
AWK='mawk'
CATALOGS=''
CATOBJEXT='.gmo'
CC='gcc'
CCDEPMODE='depmode=gcc3'
CFLAGS='-g -O2'
CPP='gcc -E'
CPPFLAGS=''
CYGPATH_W='echo'
DATADIRNAME='share'
DEFS='-DHAVE_CONFIG_H'
DEPDIR='.deps'
ECHO_C=''
ECHO_N='-n'
ECHO_T=''
EGREP='/bin/grep -E'
EXEEXT=''
GETTEXT_PACKAGE='sniffer'
GMOFILES=''
GMSGFMT='/usr/bin/msgfmt'
GREP='/bin/grep'
INSTALL_DATA='${INSTALL} -m 644'
INSTALL_PROGRAM='${INSTALL}'
INSTALL_SCRIPT='${INSTALL}'
INSTALL_STRIP_PROGRAM='${SHELL} $(install_sh) -c -s'
INSTOBJEXT='.mo'
INTLLIBS=''
LDFLAGS=''
LIBOBJS=''
LIBS='-lgthread-2.0 '
LTLIBOBJS=''
MAINT=''
MAINTAINER_MODE_FALSE='#'
MAINTAINER_MODE_TRUE=''
MAKEINFO='${SHELL} /home/mc/Projects/sniffer/missing --run makeinfo'
MKINSTALLDIRS='./mkinstalldirs'
MSGFMT='/usr/bin/msgfmt'
MSGFMT_OPTS='-c'
OBJEXT='o'
PACKAGE='sniffer'
PACKAGE_BUGREPORT=''
PACKAGE_CFLAGS='-I/usr/include/gtk-2.0 -I/usr/lib/gtk-2.0/include -I/usr/include/atk-1.0 -I/usr/include/cairo -I/usr/include/pango-1.0 -I/usr/include/glib-2.0 -I/usr/lib/glib-2.0/include -I/usr/include/freetype2 -I/usr/include/libpng12 -I/usr/include/pixman-1  '
PACKAGE_LIBS='-lgtk-x11-2.0 -lgdk-x11-2.0 -latk-1.0 -lgdk_pixbuf-2.0 -lm -lpangocairo-1.0 -lpango-1.0 -lcairo -lgobject-2.0 -lgmodule-2.0 -ldl -lglib-2.0  '
PACKAGE_NAME=''
PACKAGE_STRING=''
PACKAGE_TARNAME=''
PACKAGE_VERSION=''
PATH_SEPARATOR=':'
PKG_CONFIG='/usr/bin/pkg-config'
POFILES=''
POSUB='po'
PO_IN_DATADIR_FALSE=''
PO_IN_DATADIR_TRUE=''
SET_MAKE=''
SHELL='/bin/bash'
STRIP=''
USE_NLS='yes'
VERSION='0.1'
XGETTEXT='/usr/bin/xgettext'
ac_ct_CC='gcc'
am__fastdepCC_FALSE='#'
am__fastdepCC_TRUE=''
am__include='include'
am__leading_dot='.'
am__quote=''
am__tar='${AMTAR} chof - "$$tardir"'
am__untar='${AMTAR} xf -'
bindir='${exec_prefix}/bin'
build_alias=''
datadir='${datarootdir}'
datarootdir='${prefix}/share'
docdir='${datarootdir}/doc/${PACKAGE}'
dvidir='${docdir}'
exec_prefix='${prefix}'
host_alias=''
htmldir='${docdir}'
includedir='${prefix}/include'
infodir='${datarootdir}/info'
install_sh='/home/mc/Projects/sniffer/install-sh'
libdir='${exec_prefix}/lib'
libexecdir='${exec_prefix}/libexec'
localedir='${datarootdir}/locale'
localstatedir='${prefix}/var'
mandir='${datarootdir}/man'
mkdir_p='mkdir -p --'
oldincludedir='/usr/include'
pdfdir='${docdir}'
prefix='/usr/local'
program_transform_name='s,x,x,'
psdir='${docdir}'
sbindir='${exec_prefix}/sbin'
sharedstatedir='${prefix}/com'
sysconfdir='${prefix}/etc'
target_alias=''

## ----------- ##
## confdefs.h. ##
## ----------- ##

#define PACKAGE_NAME ""
#define PACKAGE_TARNAME ""
#define PACKAGE_VERSION ""
#define PACKAGE_STRING ""
#define PACKAGE_BUGREPORT ""
#define PACKAGE "sniffer"
#define VERSION "0.1"
#define HAVE_LIBGTHREAD_2_0 1
#define STDC_HEADERS 1
#define GETTEXT_PACKAGE "sniffer"
#define HAVE_SYS_TYPES_H 1
#define HAVE_SYS_STAT_H 1
#define HAVE_STDLIB_H 1
#define HAVE_STRING_H 1
#define HAVE_MEMORY_H 1
#define HAVE_STRINGS_H 1
#define HAVE_INTTYPES_H 1
#define HAVE_STDINT_H 1
#define HAVE_UNISTD_H 1
#define HAVE_LOCALE_H 1
#define HAVE_LC_MESSAGES 1
#define HAVE_BIND_TEXTDOMAIN_CODESET 1
#define HAVE_GETTEXT 1
#define HAVE_DCGETTEXT 1
#define ENABLE_NLS 1

configure: exit 0

## ---------------------- ##
## Running config.status. ##
## ---------------------- ##

This file was extended by config.status, which was
generated by GNU Autoconf 2.61.  Invocation command line was

  CONFIG_FILES    = 
  CONFIG_HEADERS  = 
  CONFIG_LINKS    = 
  CONFIG_COMMANDS = 
  $ ./config.status 

on mc-laptop

config.status:663: creating Makefile
config.status:663: creating src/Makefile
config.status:663: creating po/Makefile.in
config.status:663: creating config.h
config.status:891: config.h is unchanged
config.status:937: executing depfiles commands
config.status:937: executing default-1 commands

## ---------------------- ##
## Running config.status. ##
## ---------------------- ##

This file was extended by config.status, which was
generated by GNU Autoconf 2.61.  Invocation command line was

  CONFIG_FILES    = 
  CONFIG_HEADERS  = 
  CONFIG_LINKS    = 
  CONFIG_COMMANDS = 
  $ ./config.status config.h

on mc-laptop

config.status:663: creating config.h
